nvcc fatal   : Unsupported gpu architecture 'compute_30'
nvcc fatal   : Unsupported gpu architecture 'compute_30'
nvcc fatal   : Unsupported gpu architecture 'compute_30'
nvcc fatal   : Unsupported gpu architecture 'compute_30'
nvcc fatal   : Unsupported gpu architecture 'compute_30'
nvcc fatal   : Unsupported gpu architecture 'compute_30'
nvcc fatal   : Unsupported gpu architecture 'compute_30'
nvcc fatal   : Unsupported gpu architecture 'compute_30'
CMake Error at darknet_ros_lib_generated_blas_kernels.cu.o.cmake:220 (message):
  Error generating
  /home/terry/salty-ws/build/darknet_ros/CMakeFiles/darknet_ros_lib.dir/__/darknet/src/./darknet_ros_lib_generated_blas_kernels.cu.o

CMake Error at darknet_ros_lib_generated_col2im_kernels.cu.o.cmake:220 (message):
  Error generating
  /home/terry/salty-ws/build/darknet_ros/CMakeFiles/darknet_ros_lib.dir/__/darknet/src/./darknet_ros_lib_generated_col2im_kernels.cu.o

CMake Error at darknet_ros_lib_generated_deconvolutional_kernels.cu.o.cmake:220 (message):
  Error generating
  /home/terry/salty-ws/build/darknet_ros/CMakeFiles/darknet_ros_lib.dir/__/darknet/src/./darknet_ros_lib_generated_deconvolutional_kernels.cu.o

CMake Error at darknet_ros_lib_generated_crop_layer_kernels.cu.o.cmake:220 (message):
  Error generating
  /home/terry/salty-ws/build/darknet_ros/CMakeFiles/darknet_ros_lib.dir/__/darknet/src/./darknet_ros_lib_generated_crop_layer_kernels.cu.o

CMake Error at darknet_ros_lib_generated_dropout_layer_kernels.cu.o.cmake:220 (message):
  Error generating
  /home/terry/salty-ws/build/darknet_ros/CMakeFiles/darknet_ros_lib.dir/__/darknet/src/./darknet_ros_lib_generated_dropout_layer_kernels.cu.o






CMake Error at darknet_ros_lib_generated_avgpool_layer_kernels.cu.o.cmake:220 (message):
  Error generating
  /home/terry/salty-ws/build/darknet_ros/CMakeFiles/darknet_ros_lib.dir/__/darknet/src/./darknet_ros_lib_generated_avgpool_layer_kernels.cu.o


CMake Error at darknet_ros_lib_generated_activation_kernels.cu.o.cmake:220 (message):
  Error generating
  /home/terry/salty-ws/build/darknet_ros/CMakeFiles/darknet_ros_lib.dir/__/darknet/src/./darknet_ros_lib_generated_activation_kernels.cu.o


CMake Error at darknet_ros_lib_generated_maxpool_layer_kernels.cu.o.cmake:220 (message):
  Error generating
  /home/terry/salty-ws/build/darknet_ros/CMakeFiles/darknet_ros_lib.dir/__/darknet/src/./darknet_ros_lib_generated_maxpool_layer_kernels.cu.o


make[2]: *** [CMakeFiles/darknet_ros_lib.dir/build.make:86: CMakeFiles/darknet_ros_lib.dir/__/darknet/src/darknet_ros_lib_generated_deconvolutional_kernels.cu.o] Error 1
make[2]: *** Waiting for unfinished jobs....
make[2]: *** [CMakeFiles/darknet_ros_lib.dir/build.make:100: CMakeFiles/darknet_ros_lib.dir/__/darknet/src/darknet_ros_lib_generated_dropout_layer_kernels.cu.o] Error 1
make[2]: *** [CMakeFiles/darknet_ros_lib.dir/build.make:79: CMakeFiles/darknet_ros_lib.dir/__/darknet/src/darknet_ros_lib_generated_avgpool_layer_kernels.cu.o] Error 1
make[2]: *** [CMakeFiles/darknet_ros_lib.dir/build.make:72: CMakeFiles/darknet_ros_lib.dir/__/darknet/src/darknet_ros_lib_generated_crop_layer_kernels.cu.o] Error 1
make[2]: *** [CMakeFiles/darknet_ros_lib.dir/build.make:93: CMakeFiles/darknet_ros_lib.dir/__/darknet/src/darknet_ros_lib_generated_blas_kernels.cu.o] Error 1
make[2]: *** [CMakeFiles/darknet_ros_lib.dir/build.make:65: CMakeFiles/darknet_ros_lib.dir/__/darknet/src/darknet_ros_lib_generated_activation_kernels.cu.o] Error 1
make[2]: *** [CMakeFiles/darknet_ros_lib.dir/build.make:128: CMakeFiles/darknet_ros_lib.dir/__/darknet/src/darknet_ros_lib_generated_maxpool_layer_kernels.cu.o] Error 1
make[2]: *** [CMakeFiles/darknet_ros_lib.dir/build.make:107: CMakeFiles/darknet_ros_lib.dir/__/darknet/src/darknet_ros_lib_generated_col2im_kernels.cu.o] Error 1
make[1]: *** [CMakeFiles/Makefile2:1067: CMakeFiles/darknet_ros_lib.dir/all] Error 2
make: *** [Makefile:141: all] Error 2
